app/build/intermediates/manifest_merge_blame_file/debug/manifest-merger-blame-debug-report.txt
1<?xml version="1.0" encoding="utf-8"?>
2<manifest xmlns:android="http://schemas.android.com/apk/res/android"
3    package="com.learning.one_pc.easypark"
4    android:versionCode="1"
5    android:versionName="1.0" >
6
7    <uses-sdk
8        android:minSdkVersion="16"
8-->src\main\AndroidManifest.xml
9        android:targetSdkVersion="28" />
9-->src\main\AndroidManifest.xml
10
11    <uses-permission android:name="android.permission.INTERNET" />
11-->src\main\AndroidManifest.xml:4:5-66
11-->src\main\AndroidManifest.xml:4:22-64
12    <uses-permission android:name="android.permission.WRITE_EXTERNAL_STORAGE" />
12-->src\main\AndroidManifest.xml:5:5-80
12-->src\main\AndroidManifest.xml:5:22-78
13    <uses-permission android:name="android.permission.READ_EXTERNAL_STORAGE" />
13-->src\main\AndroidManifest.xml:6:5-79
13-->src\main\AndroidManifest.xml:6:22-77
14    <uses-permission android:name="android.permission.ACCESS_NETWORK_STATE" />
14-->src\main\AndroidManifest.xml:7:5-78
14-->src\main\AndroidManifest.xml:7:22-76
15    <uses-permission android:name="android.permission.ACCESS_COARSE_LOCATION" />
15-->src\main\AndroidManifest.xml:8:5-80
15-->src\main\AndroidManifest.xml:8:22-78
16    <uses-permission android:name="android.permission.ACCESS_FINE_LOCATION" />
16-->src\main\AndroidManifest.xml:9:5-78
16-->src\main\AndroidManifest.xml:9:22-76
17
18    <uses-feature
18-->[com.google.android.gms:play-services-maps:15.0.1] AndroidManifest.xml:26:5-28:35
19        android:glEsVersion="0x00020000"
19-->[com.google.android.gms:play-services-maps:15.0.1] AndroidManifest.xml:27:9-41
20        android:required="true" />
20-->[com.google.android.gms:play-services-maps:15.0.1] AndroidManifest.xml:28:9-32
21
22    <uses-permission android:name="android.permission.WAKE_LOCK" />
22-->[com.google.firebase:firebase-measurement-connector-impl:16.0.1] AndroidManifest.xml:24:5-68
22-->[com.google.firebase:firebase-measurement-connector-impl:16.0.1] AndroidManifest.xml:24:22-65
23    <uses-permission android:name="com.google.android.finsky.permission.BIND_GET_INSTALL_REFERRER_SERVICE" /> <!-- Required by older versions of Google Play services to create IID tokens -->
23-->[com.google.firebase:firebase-analytics:16.0.1] AndroidManifest.xml:26:5-110
23-->[com.google.firebase:firebase-analytics:16.0.1] AndroidManifest.xml:26:22-107
24    <uses-permission android:name="com.google.android.c2dm.permission.RECEIVE" />
24-->[com.google.firebase:firebase-iid:16.0.0] AndroidManifest.xml:26:5-82
24-->[com.google.firebase:firebase-iid:16.0.0] AndroidManifest.xml:26:22-79
25
26    <permission
26-->[com.google.firebase:firebase-iid:16.0.0] AndroidManifest.xml:28:5-30:47
27        android:name="com.learning.one_pc.easypark.permission.C2D_MESSAGE"
27-->[com.google.firebase:firebase-iid:16.0.0] AndroidManifest.xml:29:9-63
28        android:protectionLevel="signature" />
28-->[com.google.firebase:firebase-iid:16.0.0] AndroidManifest.xml:30:9-44
29
30    <uses-permission android:name="com.learning.one_pc.easypark.permission.C2D_MESSAGE" />
30-->[com.google.firebase:firebase-iid:16.0.0] AndroidManifest.xml:32:5-79
30-->[com.google.firebase:firebase-iid:16.0.0] AndroidManifest.xml:32:22-76
31
32    <application
32-->src\main\AndroidManifest.xml:11:5-38:19
33        android:allowBackup="true"
33-->src\main\AndroidManifest.xml:12:9-35
34        android:appComponentFactory="androidx.core.app.CoreComponentFactory"
34-->[androidx.core:core:1.0.0] AndroidManifest.xml:22:18-86
35        android:debuggable="true"
36        android:icon="@mipmap/ic_launcher"
36-->src\main\AndroidManifest.xml:13:9-43
37        android:label="@string/app_name"
37-->src\main\AndroidManifest.xml:14:9-41
38        android:roundIcon="@mipmap/ic_launcher"
38-->src\main\AndroidManifest.xml:15:9-48
39        android:supportsRtl="true"
39-->src\main\AndroidManifest.xml:16:9-35
40        android:theme="@style/AppTheme" >
40-->src\main\AndroidManifest.xml:17:9-40
41        <meta-data
41-->src\main\AndroidManifest.xml:18:9-20:69
42            android:name="com.google.android.gms.version"
42-->src\main\AndroidManifest.xml:19:13-58
43            android:value="@integer/google_play_services_version" />
43-->src\main\AndroidManifest.xml:20:13-66
44        <meta-data
44-->src\main\AndroidManifest.xml:21:9-23:71
45            android:name="com.google.android.geo.API_KEY"
45-->src\main\AndroidManifest.xml:22:13-58
46            android:value="AIzaSyB6YHh-J82dWwSrDn9iMyN96pnoLf1rBiQ" />
46-->src\main\AndroidManifest.xml:23:13-68
47
48        <activity
48-->src\main\AndroidManifest.xml:24:9-33:20
49            android:name="com.learning.one_pc.easypark.MainActivity"
49-->src\main\AndroidManifest.xml:25:13-41
50            android:label="@string/app_name"
50-->src\main\AndroidManifest.xml:26:13-45
51            android:theme="@style/AppTheme.NoActionBar" >
51-->src\main\AndroidManifest.xml:27:13-56
52            <intent-filter>
52-->src\main\AndroidManifest.xml:28:13-32:29
53                <action android:name="android.intent.action.MAIN" />
53-->src\main\AndroidManifest.xml:29:17-69
53-->src\main\AndroidManifest.xml:29:25-66
54
55                <category android:name="android.intent.category.LAUNCHER" />
55-->src\main\AndroidManifest.xml:31:17-77
55-->src\main\AndroidManifest.xml:31:27-74
56            </intent-filter>
57        </activity>
58        <activity android:name="com.learning.one_pc.easypark.MapActivity" />
58-->src\main\AndroidManifest.xml:34:9-48
58-->src\main\AndroidManifest.xml:34:19-46
59        <activity android:name="com.learning.one_pc.easypark.SigninActivity" />
59-->src\main\AndroidManifest.xml:35:9-51
59-->src\main\AndroidManifest.xml:35:19-49
60        <activity android:name="com.learning.one_pc.easypark.RegisterActivity" />
60-->src\main\AndroidManifest.xml:36:9-53
60-->src\main\AndroidManifest.xml:36:19-51
61        <activity
61-->[com.google.firebase:firebase-auth:16.0.2] AndroidManifest.xml:23:9-29:75
62            android:name="com.google.firebase.auth.internal.FederatedSignInActivity"
62-->[com.google.firebase:firebase-auth:16.0.2] AndroidManifest.xml:24:13-85
63            android:excludeFromRecents="true"
63-->[com.google.firebase:firebase-auth:16.0.2] AndroidManifest.xml:25:13-46
64            android:exported="true"
64-->[com.google.firebase:firebase-auth:16.0.2] AndroidManifest.xml:26:13-36
65            android:launchMode="singleInstance"
65-->[com.google.firebase:firebase-auth:16.0.2] AndroidManifest.xml:27:13-48
66            android:permission="com.google.firebase.auth.api.gms.permission.LAUNCH_FEDERATED_SIGN_IN"
66-->[com.google.firebase:firebase-auth:16.0.2] AndroidManifest.xml:28:13-102
67            android:theme="@android:style/Theme.Translucent.NoTitleBar" />
67-->[com.google.firebase:firebase-auth:16.0.2] AndroidManifest.xml:29:13-72
68
69        <service android:name="com.google.firebase.components.ComponentDiscoveryService" >
69-->[com.google.firebase:firebase-auth:16.0.2] AndroidManifest.xml:31:9-35:19
69-->[com.google.firebase:firebase-auth:16.0.2] AndroidManifest.xml:31:18-89
70            <meta-data
70-->[com.google.firebase:firebase-auth:16.0.2] AndroidManifest.xml:32:13-34:85
71                android:name="com.google.firebase.components:com.google.firebase.auth.FirebaseAuthRegistrar"
71-->[com.google.firebase:firebase-auth:16.0.2] AndroidManifest.xml:33:17-109
72                android:value="com.google.firebase.components.ComponentRegistrar" />
72-->[com.google.firebase:firebase-auth:16.0.2] AndroidManifest.xml:34:17-82
73            <meta-data
73-->[com.google.firebase:firebase-measurement-connector-impl:16.0.1] AndroidManifest.xml:28:13-30:85
74                android:name="com.google.firebase.components:com.google.firebase.analytics.connector.internal.AnalyticsConnectorRegistrar"
74-->[com.google.firebase:firebase-measurement-connector-impl:16.0.1] AndroidManifest.xml:29:17-139
75                android:value="com.google.firebase.components.ComponentRegistrar" />
75-->[com.google.firebase:firebase-measurement-connector-impl:16.0.1] AndroidManifest.xml:30:17-82
76            <meta-data
76-->[com.google.firebase:firebase-iid:16.0.0] AndroidManifest.xml:36:13-38:85
77                android:name="com.google.firebase.components:com.google.firebase.iid.Registrar"
77-->[com.google.firebase:firebase-iid:16.0.0] AndroidManifest.xml:37:17-96
78                android:value="com.google.firebase.components.ComponentRegistrar" />
78-->[com.google.firebase:firebase-iid:16.0.0] AndroidManifest.xml:38:17-82
79        </service>
80
81        <receiver
81-->[com.google.firebase:firebase-analytics:16.0.1] AndroidManifest.xml:29:9-33:20
82            android:name="com.google.android.gms.measurement.AppMeasurementReceiver"
82-->[com.google.firebase:firebase-analytics:16.0.1] AndroidManifest.xml:30:13-85
83            android:enabled="true"
83-->[com.google.firebase:firebase-analytics:16.0.1] AndroidManifest.xml:31:13-35
84            android:exported="false" >
84-->[com.google.firebase:firebase-analytics:16.0.1] AndroidManifest.xml:32:13-37
85        </receiver>
86        <receiver
86-->[com.google.firebase:firebase-analytics:16.0.1] AndroidManifest.xml:34:9-42:20
87            android:name="com.google.android.gms.measurement.AppMeasurementInstallReferrerReceiver"
87-->[com.google.firebase:firebase-analytics:16.0.1] AndroidManifest.xml:35:13-100
88            android:enabled="true"
88-->[com.google.firebase:firebase-analytics:16.0.1] AndroidManifest.xml:36:13-35
89            android:exported="true"
89-->[com.google.firebase:firebase-analytics:16.0.1] AndroidManifest.xml:37:13-36
90            android:permission="android.permission.INSTALL_PACKAGES" >
90-->[com.google.firebase:firebase-analytics:16.0.1] AndroidManifest.xml:38:13-69
91            <intent-filter>
91-->[com.google.firebase:firebase-analytics:16.0.1] AndroidManifest.xml:39:13-41:29
92                <action android:name="com.android.vending.INSTALL_REFERRER" />
92-->[com.google.firebase:firebase-analytics:16.0.1] AndroidManifest.xml:40:17-79
92-->[com.google.firebase:firebase-analytics:16.0.1] AndroidManifest.xml:40:25-76
93            </intent-filter>
94        </receiver>
95
96        <service
96-->[com.google.firebase:firebase-analytics:16.0.1] AndroidManifest.xml:44:9-47:40
97            android:name="com.google.android.gms.measurement.AppMeasurementService"
97-->[com.google.firebase:firebase-analytics:16.0.1] AndroidManifest.xml:45:13-84
98            android:enabled="true"
98-->[com.google.firebase:firebase-analytics:16.0.1] AndroidManifest.xml:46:13-35
99            android:exported="false" />
99-->[com.google.firebase:firebase-analytics:16.0.1] AndroidManifest.xml:47:13-37
100        <service
100-->[com.google.firebase:firebase-analytics:16.0.1] AndroidManifest.xml:48:9-52:72
101            android:name="com.google.android.gms.measurement.AppMeasurementJobService"
101-->[com.google.firebase:firebase-analytics:16.0.1] AndroidManifest.xml:49:13-87
102            android:enabled="true"
102-->[com.google.firebase:firebase-analytics:16.0.1] AndroidManifest.xml:50:13-35
103            android:exported="false"
103-->[com.google.firebase:firebase-analytics:16.0.1] AndroidManifest.xml:51:13-37
104            android:permission="android.permission.BIND_JOB_SERVICE" />
104-->[com.google.firebase:firebase-analytics:16.0.1] AndroidManifest.xml:52:13-69
105
106        <receiver
106-->[com.google.firebase:firebase-iid:16.0.0] AndroidManifest.xml:41:9-50:20
107            android:name="com.google.firebase.iid.FirebaseInstanceIdReceiver"
107-->[com.google.firebase:firebase-iid:16.0.0] AndroidManifest.xml:42:13-78
108            android:exported="true"
108-->[com.google.firebase:firebase-iid:16.0.0] AndroidManifest.xml:43:13-36
109            android:permission="com.google.android.c2dm.permission.SEND" >
109-->[com.google.firebase:firebase-iid:16.0.0] AndroidManifest.xml:44:13-73
110            <intent-filter>
110-->[com.google.firebase:firebase-iid:16.0.0] AndroidManifest.xml:45:13-49:29
111                <action android:name="com.google.android.c2dm.intent.RECEIVE" />
111-->[com.google.firebase:firebase-iid:16.0.0] AndroidManifest.xml:46:17-81
111-->[com.google.firebase:firebase-iid:16.0.0] AndroidManifest.xml:46:25-78
112
113                <category android:name="com.learning.one_pc.easypark" />
113-->[com.google.firebase:firebase-iid:16.0.0] AndroidManifest.xml:48:17-61
113-->[com.google.firebase:firebase-iid:16.0.0] AndroidManifest.xml:48:27-58
114            </intent-filter>
115        </receiver>
116        <!--
117             FirebaseInstanceIdService performs security checks at runtime,
118             no need for explicit permissions despite exported="true"
119        -->
120        <service
120-->[com.google.firebase:firebase-iid:16.0.0] AndroidManifest.xml:56:9-62:19
121            android:name="com.google.firebase.iid.FirebaseInstanceIdService"
121-->[com.google.firebase:firebase-iid:16.0.0] AndroidManifest.xml:57:13-77
122            android:exported="true" >
122-->[com.google.firebase:firebase-iid:16.0.0] AndroidManifest.xml:58:13-36
123            <intent-filter android:priority="-500" >
123-->[com.google.firebase:firebase-iid:16.0.0] AndroidManifest.xml:59:13-61:29
123-->[com.google.firebase:firebase-iid:16.0.0] AndroidManifest.xml:59:28-51
124                <action android:name="com.google.firebase.INSTANCE_ID_EVENT" />
124-->[com.google.firebase:firebase-iid:16.0.0] AndroidManifest.xml:60:17-80
124-->[com.google.firebase:firebase-iid:16.0.0] AndroidManifest.xml:60:25-77
125            </intent-filter>
126        </service>
127
128        <activity
128-->[com.google.android.gms:play-services-base:15.0.1] AndroidManifest.xml:23:9-26:75
129            android:name="com.google.android.gms.common.api.GoogleApiActivity"
129-->[com.google.android.gms:play-services-base:15.0.1] AndroidManifest.xml:24:13-79
130            android:exported="false"
130-->[com.google.android.gms:play-services-base:15.0.1] AndroidManifest.xml:25:13-37
131            android:theme="@android:style/Theme.Translucent.NoTitleBar" />
131-->[com.google.android.gms:play-services-base:15.0.1] AndroidManifest.xml:26:13-72
132
133        <provider
133-->[com.google.firebase:firebase-common:16.0.0] AndroidManifest.xml:9:9-13:39
134            android:name="com.google.firebase.provider.FirebaseInitProvider"
134-->[com.google.firebase:firebase-common:16.0.0] AndroidManifest.xml:10:13-77
135            android:authorities="com.learning.one_pc.easypark.firebaseinitprovider"
135-->[com.google.firebase:firebase-common:16.0.0] AndroidManifest.xml:11:13-72
136            android:exported="false"
136-->[com.google.firebase:firebase-common:16.0.0] AndroidManifest.xml:12:13-37
137            android:initOrder="100" />
137-->[com.google.firebase:firebase-common:16.0.0] AndroidManifest.xml:13:13-36
138    </application>
139
140</manifest>